2024-07-13 22:20:31,468 [Worker-6: Loading available Gradle versions] INFO  o.e.b.c.i.u.g.PublishedGradleVersions - Gradle version information cache is up-to-date. Trying to read.
2024-07-13 22:20:59,563 [Worker-9: Updating Maven Dependencies] INFO  o.e.m.c.i.l.LifecycleMappingFactory - Using org.eclipse.m2e.jdt.JarLifecycleMapping lifecycle mapping for MavenProject: com.example:Billet:0.0.1-SNAPSHOT @ C:\Users\msfar\Downloads\EleveBillet\Billet\pom.xml.
2024-07-13 22:21:00,736 [Worker-6: Building] INFO  o.e.m.c.i.l.LifecycleMappingFactory - Using org.eclipse.m2e.jdt.JarLifecycleMapping lifecycle mapping for MavenProject: com.example:Billet:0.0.1-SNAPSHOT @ C:\Users\msfar\Downloads\EleveBillet\Billet\pom.xml.
2024-07-13 22:21:03,778 [Worker-6: Building] INFO  o.a.m.s.f.DefaultMavenResourcesFiltering - Copying 1 resource from src\main\resources to target\classes
2024-07-13 22:21:03,834 [Worker-6: Building] INFO  o.a.m.s.f.DefaultMavenResourcesFiltering - Copying 0 resource from src\main\resources to target\classes
2024-07-13 22:21:03,843 [Worker-6: Building] INFO  o.a.m.s.f.DefaultMavenResourcesFiltering - skip non existing resourceDirectory C:\Users\msfar\Downloads\EleveBillet\Billet\src\test\resources
2024-07-13 22:21:05,749 [Worker-3: Building] INFO  o.a.m.s.f.DefaultMavenResourcesFiltering - Copying 1 resource from src\main\resources to target\classes
2024-07-13 22:21:05,769 [Worker-3: Building] INFO  o.a.m.s.f.DefaultMavenResourcesFiltering - Copying 0 resource from src\main\resources to target\classes
2024-07-13 22:21:05,778 [Worker-3: Building] INFO  o.a.m.s.f.DefaultMavenResourcesFiltering - skip non existing resourceDirectory C:\Users\msfar\Downloads\EleveBillet\Billet\src\test\resources
2024-07-13 22:21:07,544 [Worker-3: Building] INFO  o.e.m.c.i.l.LifecycleMappingFactory - Using org.eclipse.m2e.jdt.JarLifecycleMapping lifecycle mapping for MavenProject: com.example:ConfigServer:0.0.1-SNAPSHOT @ C:\Users\msfar\Downloads\EleveBillet\ConfigServer\pom.xml.
2024-07-13 22:21:10,410 [Worker-3: Building] INFO  o.a.m.s.f.DefaultMavenResourcesFiltering - Copying 1 resource from src\main\resources to target\classes
2024-07-13 22:21:10,452 [Worker-3: Building] INFO  o.a.m.s.f.DefaultMavenResourcesFiltering - Copying 0 resource from src\main\resources to target\classes
2024-07-13 22:21:10,466 [Worker-3: Building] INFO  o.a.m.s.f.DefaultMavenResourcesFiltering - skip non existing resourceDirectory C:\Users\msfar\Downloads\EleveBillet\ConfigServer\src\test\resources
2024-07-13 22:21:11,079 [Worker-4: Building] INFO  o.a.m.s.f.DefaultMavenResourcesFiltering - Copying 1 resource from src\main\resources to target\classes
2024-07-13 22:21:11,086 [Worker-4: Building] INFO  o.a.m.s.f.DefaultMavenResourcesFiltering - Copying 0 resource from src\main\resources to target\classes
2024-07-13 22:21:11,093 [Worker-4: Building] INFO  o.a.m.s.f.DefaultMavenResourcesFiltering - skip non existing resourceDirectory C:\Users\msfar\Downloads\EleveBillet\ConfigServer\src\test\resources
2024-07-13 22:21:12,561 [Worker-4: Building] INFO  o.e.m.c.i.l.LifecycleMappingFactory - Using org.eclipse.m2e.jdt.JarLifecycleMapping lifecycle mapping for MavenProject: com.example:GateWayAPI:0.0.1-SNAPSHOT @ C:\Users\msfar\Downloads\EleveBillet\GateWayAPI\pom.xml.
2024-07-13 22:21:14,835 [Worker-4: Building] INFO  o.a.m.s.f.DefaultMavenResourcesFiltering - Copying 1 resource from src\main\resources to target\classes
2024-07-13 22:21:14,867 [Worker-4: Building] INFO  o.a.m.s.f.DefaultMavenResourcesFiltering - Copying 0 resource from src\main\resources to target\classes
2024-07-13 22:21:14,876 [Worker-4: Building] INFO  o.a.m.s.f.DefaultMavenResourcesFiltering - skip non existing resourceDirectory C:\Users\msfar\Downloads\EleveBillet\GateWayAPI\src\test\resources
2024-07-13 22:21:15,868 [Worker-12: Building] INFO  o.a.m.s.f.DefaultMavenResourcesFiltering - Copying 1 resource from src\main\resources to target\classes
2024-07-13 22:21:15,876 [Worker-12: Building] INFO  o.a.m.s.f.DefaultMavenResourcesFiltering - Copying 0 resource from src\main\resources to target\classes
2024-07-13 22:21:15,885 [Worker-12: Building] INFO  o.a.m.s.f.DefaultMavenResourcesFiltering - skip non existing resourceDirectory C:\Users\msfar\Downloads\EleveBillet\GateWayAPI\src\test\resources
2024-07-13 22:21:16,399 [Worker-5: Updating Maven Dependencies] INFO  o.e.m.c.i.l.LifecycleMappingFactory - Using org.eclipse.m2e.jdt.JarLifecycleMapping lifecycle mapping for MavenProject: com.example:Billet:0.0.1-SNAPSHOT @ C:\Users\msfar\Downloads\EleveBillet\Billet\pom.xml.
2024-07-13 22:21:44,636 [Worker-10: Launching Executing clean in C__Users_msfar_Downloads_EleveBillet_GateWayAPI] INFO  o.eclipse.m2e.core.internal.Bundles - getClasspathEntries(Bundle=org.eclipse.m2e.maven.runtime_3.9.700.20240602-2313 [359])
2024-07-13 22:21:44,639 [Worker-10: Launching Executing clean in C__Users_msfar_Downloads_EleveBillet_GateWayAPI] INFO  o.eclipse.m2e.core.internal.Bundles - 	Entry: C:\Users\msfar\Downloads\sts-4.23.1.RELEASE\plugins\org.eclipse.m2e.maven.runtime_3.9.700.20240602-2313
2024-07-13 22:21:44,639 [Worker-10: Launching Executing clean in C__Users_msfar_Downloads_EleveBillet_GateWayAPI] INFO  o.eclipse.m2e.core.internal.Bundles - 	Entry: C:\Users\msfar\Downloads\sts-4.23.1.RELEASE\plugins\org.eclipse.m2e.maven.runtime_3.9.700.20240602-2313\jars\aopalliance-1.0.jar
2024-07-13 22:21:44,639 [Worker-10: Launching Executing clean in C__Users_msfar_Downloads_EleveBillet_GateWayAPI] INFO  o.eclipse.m2e.core.internal.Bundles - 	Entry: C:\Users\msfar\Downloads\sts-4.23.1.RELEASE\plugins\org.eclipse.m2e.maven.runtime_3.9.700.20240602-2313\jars\guice-5.1.0.jar
2024-07-13 22:21:44,640 [Worker-10: Launching Executing clean in C__Users_msfar_Downloads_EleveBillet_GateWayAPI] INFO  o.eclipse.m2e.core.internal.Bundles - 	Entry: C:\Users\msfar\Downloads\sts-4.23.1.RELEASE\plugins\org.eclipse.m2e.maven.runtime_3.9.700.20240602-2313\jars\httpclient-4.5.14.jar
2024-07-13 22:21:44,640 [Worker-10: Launching Executing clean in C__Users_msfar_Downloads_EleveBillet_GateWayAPI] INFO  o.eclipse.m2e.core.internal.Bundles - 	Entry: C:\Users\msfar\Downloads\sts-4.23.1.RELEASE\plugins\org.eclipse.m2e.maven.runtime_3.9.700.20240602-2313\jars\httpcore-4.4.16.jar
2024-07-13 22:21:44,640 [Worker-10: Launching Executing clean in C__Users_msfar_Downloads_EleveBillet_GateWayAPI] INFO  o.eclipse.m2e.core.internal.Bundles - 	Entry: C:\Users\msfar\Downloads\sts-4.23.1.RELEASE\plugins\org.eclipse.m2e.maven.runtime_3.9.700.20240602-2313\jars\jansi-2.4.1.jar
2024-07-13 22:21:44,641 [Worker-10: Launching Executing clean in C__Users_msfar_Downloads_EleveBillet_GateWayAPI] INFO  o.eclipse.m2e.core.internal.Bundles - 	Entry: C:\Users\msfar\Downloads\sts-4.23.1.RELEASE\plugins\org.eclipse.m2e.maven.runtime_3.9.700.20240602-2313\jars\jcl-over-slf4j-1.7.36.jar
2024-07-13 22:21:44,641 [Worker-10: Launching Executing clean in C__Users_msfar_Downloads_EleveBillet_GateWayAPI] INFO  o.eclipse.m2e.core.internal.Bundles - 	Entry: C:\Users\msfar\Downloads\sts-4.23.1.RELEASE\plugins\org.eclipse.m2e.maven.runtime_3.9.700.20240602-2313\jars\maven-artifact-3.9.7.jar
2024-07-13 22:21:44,641 [Worker-10: Launching Executing clean in C__Users_msfar_Downloads_EleveBillet_GateWayAPI] INFO  o.eclipse.m2e.core.internal.Bundles - 	Entry: C:\Users\msfar\Downloads\sts-4.23.1.RELEASE\plugins\org.eclipse.m2e.maven.runtime_3.9.700.20240602-2313\jars\maven-builder-support-3.9.7.jar
2024-07-13 22:21:44,642 [Worker-10: Launching Executing clean in C__Users_msfar_Downloads_EleveBillet_GateWayAPI] INFO  o.eclipse.m2e.core.internal.Bundles - 	Entry: C:\Users\msfar\Downloads\sts-4.23.1.RELEASE\plugins\org.eclipse.m2e.maven.runtime_3.9.700.20240602-2313\jars\maven-compat-3.9.7.jar
2024-07-13 22:21:44,642 [Worker-10: Launching Executing clean in C__Users_msfar_Downloads_EleveBillet_GateWayAPI] INFO  o.eclipse.m2e.core.internal.Bundles - 	Entry: C:\Users\msfar\Downloads\sts-4.23.1.RELEASE\plugins\org.eclipse.m2e.maven.runtime_3.9.700.20240602-2313\jars\maven-core-3.9.7.jar
2024-07-13 22:21:44,642 [Worker-10: Launching Executing clean in C__Users_msfar_Downloads_EleveBillet_GateWayAPI] INFO  o.eclipse.m2e.core.internal.Bundles - 	Entry: C:\Users\msfar\Downloads\sts-4.23.1.RELEASE\plugins\org.eclipse.m2e.maven.runtime_3.9.700.20240602-2313\jars\maven-embedder-3.9.7.jar
2024-07-13 22:21:44,643 [Worker-10: Launching Executing clean in C__Users_msfar_Downloads_EleveBillet_GateWayAPI] INFO  o.eclipse.m2e.core.internal.Bundles - 	Entry: C:\Users\msfar\Downloads\sts-4.23.1.RELEASE\plugins\org.eclipse.m2e.maven.runtime_3.9.700.20240602-2313\jars\maven-model-3.9.7.jar
2024-07-13 22:21:44,643 [Worker-10: Launching Executing clean in C__Users_msfar_Downloads_EleveBillet_GateWayAPI] INFO  o.eclipse.m2e.core.internal.Bundles - 	Entry: C:\Users\msfar\Downloads\sts-4.23.1.RELEASE\plugins\org.eclipse.m2e.maven.runtime_3.9.700.20240602-2313\jars\maven-model-builder-3.9.7.jar
2024-07-13 22:21:44,643 [Worker-10: Launching Executing clean in C__Users_msfar_Downloads_EleveBillet_GateWayAPI] INFO  o.eclipse.m2e.core.internal.Bundles - 	Entry: C:\Users\msfar\Downloads\sts-4.23.1.RELEASE\plugins\org.eclipse.m2e.maven.runtime_3.9.700.20240602-2313\jars\maven-plugin-api-3.9.7.jar
2024-07-13 22:21:44,643 [Worker-10: Launching Executing clean in C__Users_msfar_Downloads_EleveBillet_GateWayAPI] INFO  o.eclipse.m2e.core.internal.Bundles - 	Entry: C:\Users\msfar\Downloads\sts-4.23.1.RELEASE\plugins\org.eclipse.m2e.maven.runtime_3.9.700.20240602-2313\jars\maven-repository-metadata-3.9.7.jar
2024-07-13 22:21:44,643 [Worker-10: Launching Executing clean in C__Users_msfar_Downloads_EleveBillet_GateWayAPI] INFO  o.eclipse.m2e.core.internal.Bundles - 	Entry: C:\Users\msfar\Downloads\sts-4.23.1.RELEASE\plugins\org.eclipse.m2e.maven.runtime_3.9.700.20240602-2313\jars\maven-resolver-api-1.9.20.jar
2024-07-13 22:21:44,644 [Worker-10: Launching Executing clean in C__Users_msfar_Downloads_EleveBillet_GateWayAPI] INFO  o.eclipse.m2e.core.internal.Bundles - 	Entry: C:\Users\msfar\Downloads\sts-4.23.1.RELEASE\plugins\org.eclipse.m2e.maven.runtime_3.9.700.20240602-2313\jars\maven-resolver-connector-basic-1.9.20.jar
2024-07-13 22:21:44,644 [Worker-10: Launching Executing clean in C__Users_msfar_Downloads_EleveBillet_GateWayAPI] INFO  o.eclipse.m2e.core.internal.Bundles - 	Entry: C:\Users\msfar\Downloads\sts-4.23.1.RELEASE\plugins\org.eclipse.m2e.maven.runtime_3.9.700.20240602-2313\jars\maven-resolver-impl-1.9.20.jar
2024-07-13 22:21:44,644 [Worker-10: Launching Executing clean in C__Users_msfar_Downloads_EleveBillet_GateWayAPI] INFO  o.eclipse.m2e.core.internal.Bundles - 	Entry: C:\Users\msfar\Downloads\sts-4.23.1.RELEASE\plugins\org.eclipse.m2e.maven.runtime_3.9.700.20240602-2313\jars\maven-resolver-named-locks-1.9.20.jar
2024-07-13 22:21:44,644 [Worker-10: Launching Executing clean in C__Users_msfar_Downloads_EleveBillet_GateWayAPI] INFO  o.eclipse.m2e.core.internal.Bundles - 	Entry: C:\Users\msfar\Downloads\sts-4.23.1.RELEASE\plugins\org.eclipse.m2e.maven.runtime_3.9.700.20240602-2313\jars\maven-resolver-provider-3.9.7.jar
2024-07-13 22:21:44,644 [Worker-10: Launching Executing clean in C__Users_msfar_Downloads_EleveBillet_GateWayAPI] INFO  o.eclipse.m2e.core.internal.Bundles - 	Entry: C:\Users\msfar\Downloads\sts-4.23.1.RELEASE\plugins\org.eclipse.m2e.maven.runtime_3.9.700.20240602-2313\jars\maven-resolver-spi-1.9.20.jar
2024-07-13 22:21:44,644 [Worker-10: Launching Executing clean in C__Users_msfar_Downloads_EleveBillet_GateWayAPI] INFO  o.eclipse.m2e.core.internal.Bundles - 	Entry: C:\Users\msfar\Downloads\sts-4.23.1.RELEASE\plugins\org.eclipse.m2e.maven.runtime_3.9.700.20240602-2313\jars\maven-resolver-transport-file-1.9.20.jar
2024-07-13 22:21:44,645 [Worker-10: Launching Executing clean in C__Users_msfar_Downloads_EleveBillet_GateWayAPI] INFO  o.eclipse.m2e.core.internal.Bundles - 	Entry: C:\Users\msfar\Downloads\sts-4.23.1.RELEASE\plugins\org.eclipse.m2e.maven.runtime_3.9.700.20240602-2313\jars\maven-resolver-transport-http-1.9.20.jar
2024-07-13 22:21:44,645 [Worker-10: Launching Executing clean in C__Users_msfar_Downloads_EleveBillet_GateWayAPI] INFO  o.eclipse.m2e.core.internal.Bundles - 	Entry: C:\Users\msfar\Downloads\sts-4.23.1.RELEASE\plugins\org.eclipse.m2e.maven.runtime_3.9.700.20240602-2313\jars\maven-resolver-transport-wagon-1.9.20.jar
2024-07-13 22:21:44,645 [Worker-10: Launching Executing clean in C__Users_msfar_Downloads_EleveBillet_GateWayAPI] INFO  o.eclipse.m2e.core.internal.Bundles - 	Entry: C:\Users\msfar\Downloads\sts-4.23.1.RELEASE\plugins\org.eclipse.m2e.maven.runtime_3.9.700.20240602-2313\jars\maven-resolver-util-1.9.20.jar
2024-07-13 22:21:44,645 [Worker-10: Launching Executing clean in C__Users_msfar_Downloads_EleveBillet_GateWayAPI] INFO  o.eclipse.m2e.core.internal.Bundles - 	Entry: C:\Users\msfar\Downloads\sts-4.23.1.RELEASE\plugins\org.eclipse.m2e.maven.runtime_3.9.700.20240602-2313\jars\maven-settings-3.9.7.jar
2024-07-13 22:21:44,645 [Worker-10: Launching Executing clean in C__Users_msfar_Downloads_EleveBillet_GateWayAPI] INFO  o.eclipse.m2e.core.internal.Bundles - 	Entry: C:\Users\msfar\Downloads\sts-4.23.1.RELEASE\plugins\org.eclipse.m2e.maven.runtime_3.9.700.20240602-2313\jars\maven-settings-builder-3.9.7.jar
2024-07-13 22:21:44,645 [Worker-10: Launching Executing clean in C__Users_msfar_Downloads_EleveBillet_GateWayAPI] INFO  o.eclipse.m2e.core.internal.Bundles - 	Entry: C:\Users\msfar\Downloads\sts-4.23.1.RELEASE\plugins\org.eclipse.m2e.maven.runtime_3.9.700.20240602-2313\jars\maven-shared-utils-3.4.2.jar
2024-07-13 22:21:44,645 [Worker-10: Launching Executing clean in C__Users_msfar_Downloads_EleveBillet_GateWayAPI] INFO  o.eclipse.m2e.core.internal.Bundles - 	Entry: C:\Users\msfar\Downloads\sts-4.23.1.RELEASE\plugins\org.eclipse.m2e.maven.runtime_3.9.700.20240602-2313\jars\org.eclipse.sisu.inject-0.9.0.M2.jar
2024-07-13 22:21:44,646 [Worker-10: Launching Executing clean in C__Users_msfar_Downloads_EleveBillet_GateWayAPI] INFO  o.eclipse.m2e.core.internal.Bundles - 	Entry: C:\Users\msfar\Downloads\sts-4.23.1.RELEASE\plugins\org.eclipse.m2e.maven.runtime_3.9.700.20240602-2313\jars\org.eclipse.sisu.plexus-0.9.0.M2.jar
2024-07-13 22:21:44,646 [Worker-10: Launching Executing clean in C__Users_msfar_Downloads_EleveBillet_GateWayAPI] INFO  o.eclipse.m2e.core.internal.Bundles - 	Entry: C:\Users\msfar\Downloads\sts-4.23.1.RELEASE\plugins\org.eclipse.m2e.maven.runtime_3.9.700.20240602-2313\jars\plexus-build-api-0.0.7.jar
2024-07-13 22:21:44,646 [Worker-10: Launching Executing clean in C__Users_msfar_Downloads_EleveBillet_GateWayAPI] INFO  o.eclipse.m2e.core.internal.Bundles - 	Entry: C:\Users\msfar\Downloads\sts-4.23.1.RELEASE\plugins\org.eclipse.m2e.maven.runtime_3.9.700.20240602-2313\jars\plexus-build-api-1.2.0.jar
2024-07-13 22:21:44,646 [Worker-10: Launching Executing clean in C__Users_msfar_Downloads_EleveBillet_GateWayAPI] INFO  o.eclipse.m2e.core.internal.Bundles - 	Entry: C:\Users\msfar\Downloads\sts-4.23.1.RELEASE\plugins\org.eclipse.m2e.maven.runtime_3.9.700.20240602-2313\jars\plexus-cipher-2.0.jar
2024-07-13 22:21:44,646 [Worker-10: Launching Executing clean in C__Users_msfar_Downloads_EleveBillet_GateWayAPI] INFO  o.eclipse.m2e.core.internal.Bundles - 	Entry: C:\Users\msfar\Downloads\sts-4.23.1.RELEASE\plugins\org.eclipse.m2e.maven.runtime_3.9.700.20240602-2313\jars\plexus-classworlds-2.8.0.jar
2024-07-13 22:21:44,646 [Worker-10: Launching Executing clean in C__Users_msfar_Downloads_EleveBillet_GateWayAPI] INFO  o.eclipse.m2e.core.internal.Bundles - 	Entry: C:\Users\msfar\Downloads\sts-4.23.1.RELEASE\plugins\org.eclipse.m2e.maven.runtime_3.9.700.20240602-2313\jars\plexus-component-annotations-2.1.0.jar
2024-07-13 22:21:44,646 [Worker-10: Launching Executing clean in C__Users_msfar_Downloads_EleveBillet_GateWayAPI] INFO  o.eclipse.m2e.core.internal.Bundles - 	Entry: C:\Users\msfar\Downloads\sts-4.23.1.RELEASE\plugins\org.eclipse.m2e.maven.runtime_3.9.700.20240602-2313\jars\plexus-interpolation-1.27.jar
2024-07-13 22:21:44,647 [Worker-10: Launching Executing clean in C__Users_msfar_Downloads_EleveBillet_GateWayAPI] INFO  o.eclipse.m2e.core.internal.Bundles - 	Entry: C:\Users\msfar\Downloads\sts-4.23.1.RELEASE\plugins\org.eclipse.m2e.maven.runtime_3.9.700.20240602-2313\jars\plexus-sec-dispatcher-2.0.jar
2024-07-13 22:21:44,647 [Worker-10: Launching Executing clean in C__Users_msfar_Downloads_EleveBillet_GateWayAPI] INFO  o.eclipse.m2e.core.internal.Bundles - 	Entry: C:\Users\msfar\Downloads\sts-4.23.1.RELEASE\plugins\org.eclipse.m2e.maven.runtime_3.9.700.20240602-2313\jars\plexus-utils-3.5.1.jar
2024-07-13 22:21:44,647 [Worker-10: Launching Executing clean in C__Users_msfar_Downloads_EleveBillet_GateWayAPI] INFO  o.eclipse.m2e.core.internal.Bundles - 	Entry: C:\Users\msfar\Downloads\sts-4.23.1.RELEASE\plugins\org.eclipse.m2e.maven.runtime_3.9.700.20240602-2313\jars\wagon-file-3.5.3.jar
2024-07-13 22:21:44,647 [Worker-10: Launching Executing clean in C__Users_msfar_Downloads_EleveBillet_GateWayAPI] INFO  o.eclipse.m2e.core.internal.Bundles - 	Entry: C:\Users\msfar\Downloads\sts-4.23.1.RELEASE\plugins\org.eclipse.m2e.maven.runtime_3.9.700.20240602-2313\jars\wagon-http-3.5.3.jar
2024-07-13 22:21:44,647 [Worker-10: Launching Executing clean in C__Users_msfar_Downloads_EleveBillet_GateWayAPI] INFO  o.eclipse.m2e.core.internal.Bundles - 	Entry: C:\Users\msfar\Downloads\sts-4.23.1.RELEASE\plugins\org.eclipse.m2e.maven.runtime_3.9.700.20240602-2313\jars\wagon-http-shared-3.5.3.jar
2024-07-13 22:21:44,647 [Worker-10: Launching Executing clean in C__Users_msfar_Downloads_EleveBillet_GateWayAPI] INFO  o.eclipse.m2e.core.internal.Bundles - 	Entry: C:\Users\msfar\Downloads\sts-4.23.1.RELEASE\plugins\org.eclipse.m2e.maven.runtime_3.9.700.20240602-2313\jars\wagon-provider-api-3.5.3.jar
2024-07-13 22:21:44,649 [Worker-10: Launching Executing clean in C__Users_msfar_Downloads_EleveBillet_GateWayAPI] INFO  o.eclipse.m2e.core.internal.Bundles - getClasspathEntries(Bundle=com.google.guava_33.2.0.jre [29])
2024-07-13 22:21:44,650 [Worker-10: Launching Executing clean in C__Users_msfar_Downloads_EleveBillet_GateWayAPI] INFO  o.eclipse.m2e.core.internal.Bundles - 	Entry: C:\Users\msfar\Downloads\sts-4.23.1.RELEASE\plugins\com.google.guava_33.2.0.jre.jar
2024-07-13 22:21:44,650 [Worker-10: Launching Executing clean in C__Users_msfar_Downloads_EleveBillet_GateWayAPI] INFO  o.eclipse.m2e.core.internal.Bundles - getClasspathEntries(Bundle=slf4j.api_2.0.13 [592])
2024-07-13 22:21:44,651 [Worker-10: Launching Executing clean in C__Users_msfar_Downloads_EleveBillet_GateWayAPI] INFO  o.eclipse.m2e.core.internal.Bundles - 	Entry: C:\Users\msfar\Downloads\sts-4.23.1.RELEASE\plugins\slf4j.api_2.0.13.jar
2024-07-13 22:21:44,651 [Worker-10: Launching Executing clean in C__Users_msfar_Downloads_EleveBillet_GateWayAPI] INFO  o.eclipse.m2e.core.internal.Bundles - getClasspathEntries(Bundle=jakarta.inject.jakarta.inject-api_1.0.5 [44])
2024-07-13 22:21:44,652 [Worker-10: Launching Executing clean in C__Users_msfar_Downloads_EleveBillet_GateWayAPI] INFO  o.eclipse.m2e.core.internal.Bundles - 	Entry: C:\Users\msfar\Downloads\sts-4.23.1.RELEASE\plugins\jakarta.inject.jakarta.inject-api_1.0.5.jar
2024-07-13 22:21:44,652 [Worker-10: Launching Executing clean in C__Users_msfar_Downloads_EleveBillet_GateWayAPI] INFO  o.eclipse.m2e.core.internal.Bundles - getClasspathEntries(Bundle=javax.annotation_1.3.5.v20200909-1856 [53])
2024-07-13 22:21:44,653 [Worker-10: Launching Executing clean in C__Users_msfar_Downloads_EleveBillet_GateWayAPI] INFO  o.eclipse.m2e.core.internal.Bundles - 	Entry: C:\Users\msfar\Downloads\sts-4.23.1.RELEASE\plugins\javax.annotation_1.3.5.v20200909-1856.jar
2024-07-13 22:21:44,653 [Worker-10: Launching Executing clean in C__Users_msfar_Downloads_EleveBillet_GateWayAPI] INFO  o.eclipse.m2e.core.internal.Bundles - getClasspathEntries(Bundle=org.apache.commons.cli_1.8.0 [76])
2024-07-13 22:21:44,653 [Worker-10: Launching Executing clean in C__Users_msfar_Downloads_EleveBillet_GateWayAPI] INFO  o.eclipse.m2e.core.internal.Bundles - 	Entry: C:\Users\msfar\Downloads\sts-4.23.1.RELEASE\plugins\org.apache.commons.cli_1.8.0.jar
2024-07-13 22:21:44,653 [Worker-10: Launching Executing clean in C__Users_msfar_Downloads_EleveBillet_GateWayAPI] INFO  o.eclipse.m2e.core.internal.Bundles - getClasspathEntries(Bundle=org.apache.commons.commons-codec_1.16.0 [78])
2024-07-13 22:21:44,654 [Worker-10: Launching Executing clean in C__Users_msfar_Downloads_EleveBillet_GateWayAPI] INFO  o.eclipse.m2e.core.internal.Bundles - 	Entry: C:\Users\msfar\Downloads\sts-4.23.1.RELEASE\plugins\org.apache.commons.commons-codec_1.16.0.jar
2024-07-13 22:21:44,654 [Worker-10: Launching Executing clean in C__Users_msfar_Downloads_EleveBillet_GateWayAPI] INFO  o.eclipse.m2e.core.internal.Bundles - getClasspathEntries(Bundle=org.apache.commons.lang3_3.14.0 [82])
2024-07-13 22:21:44,655 [Worker-10: Launching Executing clean in C__Users_msfar_Downloads_EleveBillet_GateWayAPI] INFO  o.eclipse.m2e.core.internal.Bundles - 	Entry: C:\Users\msfar\Downloads\sts-4.23.1.RELEASE\plugins\org.apache.commons.lang3_3.14.0.jar
2024-07-13 22:21:44,655 [Worker-10: Launching Executing clean in C__Users_msfar_Downloads_EleveBillet_GateWayAPI] INFO  o.eclipse.m2e.core.internal.Bundles - getClasspathEntries(Bundle=com.google.guava.failureaccess_1.0.2 [30])
2024-07-13 22:21:44,655 [Worker-10: Launching Executing clean in C__Users_msfar_Downloads_EleveBillet_GateWayAPI] INFO  o.eclipse.m2e.core.internal.Bundles - 	Entry: C:\Users\msfar\Downloads\sts-4.23.1.RELEASE\plugins\com.google.guava.failureaccess_1.0.2.jar
2024-07-13 22:21:44,662 [Worker-10: Launching Executing clean in C__Users_msfar_Downloads_EleveBillet_GateWayAPI] INFO  o.e.m.i.launch.MavenLaunchDelegate - Run build in "C:\Users\msfar\Downloads\EleveBillet\GateWayAPI":
2024-07-13 22:21:44,665 [Worker-10: Launching Executing clean in C__Users_msfar_Downloads_EleveBillet_GateWayAPI] INFO  o.e.m.i.launch.MavenLaunchDelegate -  mvn  -Ppom.xml -B -Dstyle.color=always clean
2024-07-13 22:21:47,561 [Worker-4: Building] INFO  o.a.m.s.f.DefaultMavenResourcesFiltering - Copying 1 resource from src\main\resources to target\classes
2024-07-13 22:21:47,564 [Worker-4: Building] INFO  o.a.m.s.f.DefaultMavenResourcesFiltering - Copying 0 resource from src\main\resources to target\classes
2024-07-13 22:21:47,566 [Worker-4: Building] INFO  o.a.m.s.f.DefaultMavenResourcesFiltering - skip non existing resourceDirectory C:\Users\msfar\Downloads\EleveBillet\GateWayAPI\src\test\resources
2024-07-13 22:21:54,763 [Worker-2: Launching Executing clean in C__Users_msfar_Downloads_EleveBillet_ConfigServer] INFO  o.eclipse.m2e.core.internal.Bundles - getClasspathEntries(Bundle=org.eclipse.m2e.maven.runtime_3.9.700.20240602-2313 [359])
2024-07-13 22:21:54,764 [Worker-2: Launching Executing clean in C__Users_msfar_Downloads_EleveBillet_ConfigServer] INFO  o.eclipse.m2e.core.internal.Bundles - 	Entry: C:\Users\msfar\Downloads\sts-4.23.1.RELEASE\plugins\org.eclipse.m2e.maven.runtime_3.9.700.20240602-2313
2024-07-13 22:21:54,765 [Worker-2: Launching Executing clean in C__Users_msfar_Downloads_EleveBillet_ConfigServer] INFO  o.eclipse.m2e.core.internal.Bundles - 	Entry: C:\Users\msfar\Downloads\sts-4.23.1.RELEASE\plugins\org.eclipse.m2e.maven.runtime_3.9.700.20240602-2313\jars\aopalliance-1.0.jar
2024-07-13 22:21:54,765 [Worker-2: Launching Executing clean in C__Users_msfar_Downloads_EleveBillet_ConfigServer] INFO  o.eclipse.m2e.core.internal.Bundles - 	Entry: C:\Users\msfar\Downloads\sts-4.23.1.RELEASE\plugins\org.eclipse.m2e.maven.runtime_3.9.700.20240602-2313\jars\guice-5.1.0.jar
2024-07-13 22:21:54,765 [Worker-2: Launching Executing clean in C__Users_msfar_Downloads_EleveBillet_ConfigServer] INFO  o.eclipse.m2e.core.internal.Bundles - 	Entry: C:\Users\msfar\Downloads\sts-4.23.1.RELEASE\plugins\org.eclipse.m2e.maven.runtime_3.9.700.20240602-2313\jars\httpclient-4.5.14.jar
2024-07-13 22:21:54,765 [Worker-2: Launching Executing clean in C__Users_msfar_Downloads_EleveBillet_ConfigServer] INFO  o.eclipse.m2e.core.internal.Bundles - 	Entry: C:\Users\msfar\Downloads\sts-4.23.1.RELEASE\plugins\org.eclipse.m2e.maven.runtime_3.9.700.20240602-2313\jars\httpcore-4.4.16.jar
2024-07-13 22:21:54,765 [Worker-2: Launching Executing clean in C__Users_msfar_Downloads_EleveBillet_ConfigServer] INFO  o.eclipse.m2e.core.internal.Bundles - 	Entry: C:\Users\msfar\Downloads\sts-4.23.1.RELEASE\plugins\org.eclipse.m2e.maven.runtime_3.9.700.20240602-2313\jars\jansi-2.4.1.jar
2024-07-13 22:21:54,765 [Worker-2: Launching Executing clean in C__Users_msfar_Downloads_EleveBillet_ConfigServer] INFO  o.eclipse.m2e.core.internal.Bundles - 	Entry: C:\Users\msfar\Downloads\sts-4.23.1.RELEASE\plugins\org.eclipse.m2e.maven.runtime_3.9.700.20240602-2313\jars\jcl-over-slf4j-1.7.36.jar
2024-07-13 22:21:54,766 [Worker-2: Launching Executing clean in C__Users_msfar_Downloads_EleveBillet_ConfigServer] INFO  o.eclipse.m2e.core.internal.Bundles - 	Entry: C:\Users\msfar\Downloads\sts-4.23.1.RELEASE\plugins\org.eclipse.m2e.maven.runtime_3.9.700.20240602-2313\jars\maven-artifact-3.9.7.jar
2024-07-13 22:21:54,766 [Worker-2: Launching Executing clean in C__Users_msfar_Downloads_EleveBillet_ConfigServer] INFO  o.eclipse.m2e.core.internal.Bundles - 	Entry: C:\Users\msfar\Downloads\sts-4.23.1.RELEASE\plugins\org.eclipse.m2e.maven.runtime_3.9.700.20240602-2313\jars\maven-builder-support-3.9.7.jar
2024-07-13 22:21:54,766 [Worker-2: Launching Executing clean in C__Users_msfar_Downloads_EleveBillet_ConfigServer] INFO  o.eclipse.m2e.core.internal.Bundles - 	Entry: C:\Users\msfar\Downloads\sts-4.23.1.RELEASE\plugins\org.eclipse.m2e.maven.runtime_3.9.700.20240602-2313\jars\maven-compat-3.9.7.jar
2024-07-13 22:21:54,766 [Worker-2: Launching Executing clean in C__Users_msfar_Downloads_EleveBillet_ConfigServer] INFO  o.eclipse.m2e.core.internal.Bundles - 	Entry: C:\Users\msfar\Downloads\sts-4.23.1.RELEASE\plugins\org.eclipse.m2e.maven.runtime_3.9.700.20240602-2313\jars\maven-core-3.9.7.jar
2024-07-13 22:21:54,766 [Worker-2: Launching Executing clean in C__Users_msfar_Downloads_EleveBillet_ConfigServer] INFO  o.eclipse.m2e.core.internal.Bundles - 	Entry: C:\Users\msfar\Downloads\sts-4.23.1.RELEASE\plugins\org.eclipse.m2e.maven.runtime_3.9.700.20240602-2313\jars\maven-embedder-3.9.7.jar
2024-07-13 22:21:54,767 [Worker-2: Launching Executing clean in C__Users_msfar_Downloads_EleveBillet_ConfigServer] INFO  o.eclipse.m2e.core.internal.Bundles - 	Entry: C:\Users\msfar\Downloads\sts-4.23.1.RELEASE\plugins\org.eclipse.m2e.maven.runtime_3.9.700.20240602-2313\jars\maven-model-3.9.7.jar
2024-07-13 22:21:54,767 [Worker-2: Launching Executing clean in C__Users_msfar_Downloads_EleveBillet_ConfigServer] INFO  o.eclipse.m2e.core.internal.Bundles - 	Entry: C:\Users\msfar\Downloads\sts-4.23.1.RELEASE\plugins\org.eclipse.m2e.maven.runtime_3.9.700.20240602-2313\jars\maven-model-builder-3.9.7.jar
2024-07-13 22:21:54,767 [Worker-2: Launching Executing clean in C__Users_msfar_Downloads_EleveBillet_ConfigServer] INFO  o.eclipse.m2e.core.internal.Bundles - 	Entry: C:\Users\msfar\Downloads\sts-4.23.1.RELEASE\plugins\org.eclipse.m2e.maven.runtime_3.9.700.20240602-2313\jars\maven-plugin-api-3.9.7.jar
2024-07-13 22:21:54,767 [Worker-2: Launching Executing clean in C__Users_msfar_Downloads_EleveBillet_ConfigServer] INFO  o.eclipse.m2e.core.internal.Bundles - 	Entry: C:\Users\msfar\Downloads\sts-4.23.1.RELEASE\plugins\org.eclipse.m2e.maven.runtime_3.9.700.20240602-2313\jars\maven-repository-metadata-3.9.7.jar
2024-07-13 22:21:54,767 [Worker-2: Launching Executing clean in C__Users_msfar_Downloads_EleveBillet_ConfigServer] INFO  o.eclipse.m2e.core.internal.Bundles - 	Entry: C:\Users\msfar\Downloads\sts-4.23.1.RELEASE\plugins\org.eclipse.m2e.maven.runtime_3.9.700.20240602-2313\jars\maven-resolver-api-1.9.20.jar
2024-07-13 22:21:54,767 [Worker-2: Launching Executing clean in C__Users_msfar_Downloads_EleveBillet_ConfigServer] INFO  o.eclipse.m2e.core.internal.Bundles - 	Entry: C:\Users\msfar\Downloads\sts-4.23.1.RELEASE\plugins\org.eclipse.m2e.maven.runtime_3.9.700.20240602-2313\jars\maven-resolver-connector-basic-1.9.20.jar
2024-07-13 22:21:54,768 [Worker-2: Launching Executing clean in C__Users_msfar_Downloads_EleveBillet_ConfigServer] INFO  o.eclipse.m2e.core.internal.Bundles - 	Entry: C:\Users\msfar\Downloads\sts-4.23.1.RELEASE\plugins\org.eclipse.m2e.maven.runtime_3.9.700.20240602-2313\jars\maven-resolver-impl-1.9.20.jar
2024-07-13 22:21:54,768 [Worker-2: Launching Executing clean in C__Users_msfar_Downloads_EleveBillet_ConfigServer] INFO  o.eclipse.m2e.core.internal.Bundles - 	Entry: C:\Users\msfar\Downloads\sts-4.23.1.RELEASE\plugins\org.eclipse.m2e.maven.runtime_3.9.700.20240602-2313\jars\maven-resolver-named-locks-1.9.20.jar
2024-07-13 22:21:54,768 [Worker-2: Launching Executing clean in C__Users_msfar_Downloads_EleveBillet_ConfigServer] INFO  o.eclipse.m2e.core.internal.Bundles - 	Entry: C:\Users\msfar\Downloads\sts-4.23.1.RELEASE\plugins\org.eclipse.m2e.maven.runtime_3.9.700.20240602-2313\jars\maven-resolver-provider-3.9.7.jar
2024-07-13 22:21:54,768 [Worker-2: Launching Executing clean in C__Users_msfar_Downloads_EleveBillet_ConfigServer] INFO  o.eclipse.m2e.core.internal.Bundles - 	Entry: C:\Users\msfar\Downloads\sts-4.23.1.RELEASE\plugins\org.eclipse.m2e.maven.runtime_3.9.700.20240602-2313\jars\maven-resolver-spi-1.9.20.jar
2024-07-13 22:21:54,768 [Worker-2: Launching Executing clean in C__Users_msfar_Downloads_EleveBillet_ConfigServer] INFO  o.eclipse.m2e.core.internal.Bundles - 	Entry: C:\Users\msfar\Downloads\sts-4.23.1.RELEASE\plugins\org.eclipse.m2e.maven.runtime_3.9.700.20240602-2313\jars\maven-resolver-transport-file-1.9.20.jar
2024-07-13 22:21:54,768 [Worker-2: Launching Executing clean in C__Users_msfar_Downloads_EleveBillet_ConfigServer] INFO  o.eclipse.m2e.core.internal.Bundles - 	Entry: C:\Users\msfar\Downloads\sts-4.23.1.RELEASE\plugins\org.eclipse.m2e.maven.runtime_3.9.700.20240602-2313\jars\maven-resolver-transport-http-1.9.20.jar
2024-07-13 22:21:54,768 [Worker-2: Launching Executing clean in C__Users_msfar_Downloads_EleveBillet_ConfigServer] INFO  o.eclipse.m2e.core.internal.Bundles - 	Entry: C:\Users\msfar\Downloads\sts-4.23.1.RELEASE\plugins\org.eclipse.m2e.maven.runtime_3.9.700.20240602-2313\jars\maven-resolver-transport-wagon-1.9.20.jar
2024-07-13 22:21:54,769 [Worker-2: Launching Executing clean in C__Users_msfar_Downloads_EleveBillet_ConfigServer] INFO  o.eclipse.m2e.core.internal.Bundles - 	Entry: C:\Users\msfar\Downloads\sts-4.23.1.RELEASE\plugins\org.eclipse.m2e.maven.runtime_3.9.700.20240602-2313\jars\maven-resolver-util-1.9.20.jar
2024-07-13 22:21:54,769 [Worker-2: Launching Executing clean in C__Users_msfar_Downloads_EleveBillet_ConfigServer] INFO  o.eclipse.m2e.core.internal.Bundles - 	Entry: C:\Users\msfar\Downloads\sts-4.23.1.RELEASE\plugins\org.eclipse.m2e.maven.runtime_3.9.700.20240602-2313\jars\maven-settings-3.9.7.jar
2024-07-13 22:21:54,769 [Worker-2: Launching Executing clean in C__Users_msfar_Downloads_EleveBillet_ConfigServer] INFO  o.eclipse.m2e.core.internal.Bundles - 	Entry: C:\Users\msfar\Downloads\sts-4.23.1.RELEASE\plugins\org.eclipse.m2e.maven.runtime_3.9.700.20240602-2313\jars\maven-settings-builder-3.9.7.jar
2024-07-13 22:21:54,769 [Worker-2: Launching Executing clean in C__Users_msfar_Downloads_EleveBillet_ConfigServer] INFO  o.eclipse.m2e.core.internal.Bundles - 	Entry: C:\Users\msfar\Downloads\sts-4.23.1.RELEASE\plugins\org.eclipse.m2e.maven.runtime_3.9.700.20240602-2313\jars\maven-shared-utils-3.4.2.jar
2024-07-13 22:21:54,769 [Worker-2: Launching Executing clean in C__Users_msfar_Downloads_EleveBillet_ConfigServer] INFO  o.eclipse.m2e.core.internal.Bundles - 	Entry: C:\Users\msfar\Downloads\sts-4.23.1.RELEASE\plugins\org.eclipse.m2e.maven.runtime_3.9.700.20240602-2313\jars\org.eclipse.sisu.inject-0.9.0.M2.jar
2024-07-13 22:21:54,769 [Worker-2: Launching Executing clean in C__Users_msfar_Downloads_EleveBillet_ConfigServer] INFO  o.eclipse.m2e.core.internal.Bundles - 	Entry: C:\Users\msfar\Downloads\sts-4.23.1.RELEASE\plugins\org.eclipse.m2e.maven.runtime_3.9.700.20240602-2313\jars\org.eclipse.sisu.plexus-0.9.0.M2.jar
2024-07-13 22:21:54,769 [Worker-2: Launching Executing clean in C__Users_msfar_Downloads_EleveBillet_ConfigServer] INFO  o.eclipse.m2e.core.internal.Bundles - 	Entry: C:\Users\msfar\Downloads\sts-4.23.1.RELEASE\plugins\org.eclipse.m2e.maven.runtime_3.9.700.20240602-2313\jars\plexus-build-api-0.0.7.jar
2024-07-13 22:21:54,769 [Worker-2: Launching Executing clean in C__Users_msfar_Downloads_EleveBillet_ConfigServer] INFO  o.eclipse.m2e.core.internal.Bundles - 	Entry: C:\Users\msfar\Downloads\sts-4.23.1.RELEASE\plugins\org.eclipse.m2e.maven.runtime_3.9.700.20240602-2313\jars\plexus-build-api-1.2.0.jar
2024-07-13 22:21:54,770 [Worker-2: Launching Executing clean in C__Users_msfar_Downloads_EleveBillet_ConfigServer] INFO  o.eclipse.m2e.core.internal.Bundles - 	Entry: C:\Users\msfar\Downloads\sts-4.23.1.RELEASE\plugins\org.eclipse.m2e.maven.runtime_3.9.700.20240602-2313\jars\plexus-cipher-2.0.jar
2024-07-13 22:21:54,770 [Worker-2: Launching Executing clean in C__Users_msfar_Downloads_EleveBillet_ConfigServer] INFO  o.eclipse.m2e.core.internal.Bundles - 	Entry: C:\Users\msfar\Downloads\sts-4.23.1.RELEASE\plugins\org.eclipse.m2e.maven.runtime_3.9.700.20240602-2313\jars\plexus-classworlds-2.8.0.jar
2024-07-13 22:21:54,770 [Worker-2: Launching Executing clean in C__Users_msfar_Downloads_EleveBillet_ConfigServer] INFO  o.eclipse.m2e.core.internal.Bundles - 	Entry: C:\Users\msfar\Downloads\sts-4.23.1.RELEASE\plugins\org.eclipse.m2e.maven.runtime_3.9.700.20240602-2313\jars\plexus-component-annotations-2.1.0.jar
2024-07-13 22:21:54,770 [Worker-2: Launching Executing clean in C__Users_msfar_Downloads_EleveBillet_ConfigServer] INFO  o.eclipse.m2e.core.internal.Bundles - 	Entry: C:\Users\msfar\Downloads\sts-4.23.1.RELEASE\plugins\org.eclipse.m2e.maven.runtime_3.9.700.20240602-2313\jars\plexus-interpolation-1.27.jar
2024-07-13 22:21:54,770 [Worker-2: Launching Executing clean in C__Users_msfar_Downloads_EleveBillet_ConfigServer] INFO  o.eclipse.m2e.core.internal.Bundles - 	Entry: C:\Users\msfar\Downloads\sts-4.23.1.RELEASE\plugins\org.eclipse.m2e.maven.runtime_3.9.700.20240602-2313\jars\plexus-sec-dispatcher-2.0.jar
2024-07-13 22:21:54,770 [Worker-2: Launching Executing clean in C__Users_msfar_Downloads_EleveBillet_ConfigServer] INFO  o.eclipse.m2e.core.internal.Bundles - 	Entry: C:\Users\msfar\Downloads\sts-4.23.1.RELEASE\plugins\org.eclipse.m2e.maven.runtime_3.9.700.20240602-2313\jars\plexus-utils-3.5.1.jar
2024-07-13 22:21:54,771 [Worker-2: Launching Executing clean in C__Users_msfar_Downloads_EleveBillet_ConfigServer] INFO  o.eclipse.m2e.core.internal.Bundles - 	Entry: C:\Users\msfar\Downloads\sts-4.23.1.RELEASE\plugins\org.eclipse.m2e.maven.runtime_3.9.700.20240602-2313\jars\wagon-file-3.5.3.jar
2024-07-13 22:21:54,771 [Worker-2: Launching Executing clean in C__Users_msfar_Downloads_EleveBillet_ConfigServer] INFO  o.eclipse.m2e.core.internal.Bundles - 	Entry: C:\Users\msfar\Downloads\sts-4.23.1.RELEASE\plugins\org.eclipse.m2e.maven.runtime_3.9.700.20240602-2313\jars\wagon-http-3.5.3.jar
2024-07-13 22:21:54,771 [Worker-2: Launching Executing clean in C__Users_msfar_Downloads_EleveBillet_ConfigServer] INFO  o.eclipse.m2e.core.internal.Bundles - 	Entry: C:\Users\msfar\Downloads\sts-4.23.1.RELEASE\plugins\org.eclipse.m2e.maven.runtime_3.9.700.20240602-2313\jars\wagon-http-shared-3.5.3.jar
2024-07-13 22:21:54,771 [Worker-2: Launching Executing clean in C__Users_msfar_Downloads_EleveBillet_ConfigServer] INFO  o.eclipse.m2e.core.internal.Bundles - 	Entry: C:\Users\msfar\Downloads\sts-4.23.1.RELEASE\plugins\org.eclipse.m2e.maven.runtime_3.9.700.20240602-2313\jars\wagon-provider-api-3.5.3.jar
2024-07-13 22:21:54,771 [Worker-2: Launching Executing clean in C__Users_msfar_Downloads_EleveBillet_ConfigServer] INFO  o.eclipse.m2e.core.internal.Bundles - getClasspathEntries(Bundle=com.google.guava_33.2.0.jre [29])
2024-07-13 22:21:54,772 [Worker-2: Launching Executing clean in C__Users_msfar_Downloads_EleveBillet_ConfigServer] INFO  o.eclipse.m2e.core.internal.Bundles - 	Entry: C:\Users\msfar\Downloads\sts-4.23.1.RELEASE\plugins\com.google.guava_33.2.0.jre.jar
2024-07-13 22:21:54,772 [Worker-2: Launching Executing clean in C__Users_msfar_Downloads_EleveBillet_ConfigServer] INFO  o.eclipse.m2e.core.internal.Bundles - getClasspathEntries(Bundle=slf4j.api_2.0.13 [592])
2024-07-13 22:21:54,772 [Worker-2: Launching Executing clean in C__Users_msfar_Downloads_EleveBillet_ConfigServer] INFO  o.eclipse.m2e.core.internal.Bundles - 	Entry: C:\Users\msfar\Downloads\sts-4.23.1.RELEASE\plugins\slf4j.api_2.0.13.jar
2024-07-13 22:21:54,772 [Worker-2: Launching Executing clean in C__Users_msfar_Downloads_EleveBillet_ConfigServer] INFO  o.eclipse.m2e.core.internal.Bundles - getClasspathEntries(Bundle=jakarta.inject.jakarta.inject-api_1.0.5 [44])
2024-07-13 22:21:54,772 [Worker-2: Launching Executing clean in C__Users_msfar_Downloads_EleveBillet_ConfigServer] INFO  o.eclipse.m2e.core.internal.Bundles - 	Entry: C:\Users\msfar\Downloads\sts-4.23.1.RELEASE\plugins\jakarta.inject.jakarta.inject-api_1.0.5.jar
2024-07-13 22:21:54,772 [Worker-2: Launching Executing clean in C__Users_msfar_Downloads_EleveBillet_ConfigServer] INFO  o.eclipse.m2e.core.internal.Bundles - getClasspathEntries(Bundle=javax.annotation_1.3.5.v20200909-1856 [53])
2024-07-13 22:21:54,773 [Worker-2: Launching Executing clean in C__Users_msfar_Downloads_EleveBillet_ConfigServer] INFO  o.eclipse.m2e.core.internal.Bundles - 	Entry: C:\Users\msfar\Downloads\sts-4.23.1.RELEASE\plugins\javax.annotation_1.3.5.v20200909-1856.jar
2024-07-13 22:21:54,773 [Worker-2: Launching Executing clean in C__Users_msfar_Downloads_EleveBillet_ConfigServer] INFO  o.eclipse.m2e.core.internal.Bundles - getClasspathEntries(Bundle=org.apache.commons.cli_1.8.0 [76])
2024-07-13 22:21:54,773 [Worker-2: Launching Executing clean in C__Users_msfar_Downloads_EleveBillet_ConfigServer] INFO  o.eclipse.m2e.core.internal.Bundles - 	Entry: C:\Users\msfar\Downloads\sts-4.23.1.RELEASE\plugins\org.apache.commons.cli_1.8.0.jar
2024-07-13 22:21:54,773 [Worker-2: Launching Executing clean in C__Users_msfar_Downloads_EleveBillet_ConfigServer] INFO  o.eclipse.m2e.core.internal.Bundles - getClasspathEntries(Bundle=org.apache.commons.commons-codec_1.16.0 [78])
2024-07-13 22:21:54,773 [Worker-2: Launching Executing clean in C__Users_msfar_Downloads_EleveBillet_ConfigServer] INFO  o.eclipse.m2e.core.internal.Bundles - 	Entry: C:\Users\msfar\Downloads\sts-4.23.1.RELEASE\plugins\org.apache.commons.commons-codec_1.16.0.jar
2024-07-13 22:21:54,773 [Worker-2: Launching Executing clean in C__Users_msfar_Downloads_EleveBillet_ConfigServer] INFO  o.eclipse.m2e.core.internal.Bundles - getClasspathEntries(Bundle=org.apache.commons.lang3_3.14.0 [82])
2024-07-13 22:21:54,774 [Worker-2: Launching Executing clean in C__Users_msfar_Downloads_EleveBillet_ConfigServer] INFO  o.eclipse.m2e.core.internal.Bundles - 	Entry: C:\Users\msfar\Downloads\sts-4.23.1.RELEASE\plugins\org.apache.commons.lang3_3.14.0.jar
2024-07-13 22:21:54,774 [Worker-2: Launching Executing clean in C__Users_msfar_Downloads_EleveBillet_ConfigServer] INFO  o.eclipse.m2e.core.internal.Bundles - getClasspathEntries(Bundle=com.google.guava.failureaccess_1.0.2 [30])
2024-07-13 22:21:54,774 [Worker-2: Launching Executing clean in C__Users_msfar_Downloads_EleveBillet_ConfigServer] INFO  o.eclipse.m2e.core.internal.Bundles - 	Entry: C:\Users\msfar\Downloads\sts-4.23.1.RELEASE\plugins\com.google.guava.failureaccess_1.0.2.jar
2024-07-13 22:21:54,776 [Worker-2: Launching Executing clean in C__Users_msfar_Downloads_EleveBillet_ConfigServer] INFO  o.e.m.i.launch.MavenLaunchDelegate - Run build in "C:\Users\msfar\Downloads\EleveBillet\ConfigServer":
2024-07-13 22:21:54,776 [Worker-2: Launching Executing clean in C__Users_msfar_Downloads_EleveBillet_ConfigServer] INFO  o.e.m.i.launch.MavenLaunchDelegate -  mvn  -Ppom.xml -B -Dstyle.color=always clean
2024-07-13 22:21:57,122 [Worker-10: Building] INFO  o.a.m.s.f.DefaultMavenResourcesFiltering - Copying 1 resource from src\main\resources to target\classes
2024-07-13 22:21:57,127 [Worker-10: Building] INFO  o.a.m.s.f.DefaultMavenResourcesFiltering - Copying 0 resource from src\main\resources to target\classes
2024-07-13 22:21:57,133 [Worker-10: Building] INFO  o.a.m.s.f.DefaultMavenResourcesFiltering - skip non existing resourceDirectory C:\Users\msfar\Downloads\EleveBillet\ConfigServer\src\test\resources
2024-07-13 22:22:07,383 [Worker-12: Launching Executing clean in C__Users_msfar_Downloads_EleveBillet_Billet] INFO  o.eclipse.m2e.core.internal.Bundles - getClasspathEntries(Bundle=org.eclipse.m2e.maven.runtime_3.9.700.20240602-2313 [359])
2024-07-13 22:22:07,384 [Worker-12: Launching Executing clean in C__Users_msfar_Downloads_EleveBillet_Billet] INFO  o.eclipse.m2e.core.internal.Bundles - 	Entry: C:\Users\msfar\Downloads\sts-4.23.1.RELEASE\plugins\org.eclipse.m2e.maven.runtime_3.9.700.20240602-2313
2024-07-13 22:22:07,384 [Worker-12: Launching Executing clean in C__Users_msfar_Downloads_EleveBillet_Billet] INFO  o.eclipse.m2e.core.internal.Bundles - 	Entry: C:\Users\msfar\Downloads\sts-4.23.1.RELEASE\plugins\org.eclipse.m2e.maven.runtime_3.9.700.20240602-2313\jars\aopalliance-1.0.jar
2024-07-13 22:22:07,384 [Worker-12: Launching Executing clean in C__Users_msfar_Downloads_EleveBillet_Billet] INFO  o.eclipse.m2e.core.internal.Bundles - 	Entry: C:\Users\msfar\Downloads\sts-4.23.1.RELEASE\plugins\org.eclipse.m2e.maven.runtime_3.9.700.20240602-2313\jars\guice-5.1.0.jar
2024-07-13 22:22:07,385 [Worker-12: Launching Executing clean in C__Users_msfar_Downloads_EleveBillet_Billet] INFO  o.eclipse.m2e.core.internal.Bundles - 	Entry: C:\Users\msfar\Downloads\sts-4.23.1.RELEASE\plugins\org.eclipse.m2e.maven.runtime_3.9.700.20240602-2313\jars\httpclient-4.5.14.jar
2024-07-13 22:22:07,385 [Worker-12: Launching Executing clean in C__Users_msfar_Downloads_EleveBillet_Billet] INFO  o.eclipse.m2e.core.internal.Bundles - 	Entry: C:\Users\msfar\Downloads\sts-4.23.1.RELEASE\plugins\org.eclipse.m2e.maven.runtime_3.9.700.20240602-2313\jars\httpcore-4.4.16.jar
2024-07-13 22:22:07,386 [Worker-12: Launching Executing clean in C__Users_msfar_Downloads_EleveBillet_Billet] INFO  o.eclipse.m2e.core.internal.Bundles - 	Entry: C:\Users\msfar\Downloads\sts-4.23.1.RELEASE\plugins\org.eclipse.m2e.maven.runtime_3.9.700.20240602-2313\jars\jansi-2.4.1.jar
2024-07-13 22:22:07,386 [Worker-12: Launching Executing clean in C__Users_msfar_Downloads_EleveBillet_Billet] INFO  o.eclipse.m2e.core.internal.Bundles - 	Entry: C:\Users\msfar\Downloads\sts-4.23.1.RELEASE\plugins\org.eclipse.m2e.maven.runtime_3.9.700.20240602-2313\jars\jcl-over-slf4j-1.7.36.jar
2024-07-13 22:22:07,387 [Worker-12: Launching Executing clean in C__Users_msfar_Downloads_EleveBillet_Billet] INFO  o.eclipse.m2e.core.internal.Bundles - 	Entry: C:\Users\msfar\Downloads\sts-4.23.1.RELEASE\plugins\org.eclipse.m2e.maven.runtime_3.9.700.20240602-2313\jars\maven-artifact-3.9.7.jar
2024-07-13 22:22:07,387 [Worker-12: Launching Executing clean in C__Users_msfar_Downloads_EleveBillet_Billet] INFO  o.eclipse.m2e.core.internal.Bundles - 	Entry: C:\Users\msfar\Downloads\sts-4.23.1.RELEASE\plugins\org.eclipse.m2e.maven.runtime_3.9.700.20240602-2313\jars\maven-builder-support-3.9.7.jar
2024-07-13 22:22:07,388 [Worker-12: Launching Executing clean in C__Users_msfar_Downloads_EleveBillet_Billet] INFO  o.eclipse.m2e.core.internal.Bundles - 	Entry: C:\Users\msfar\Downloads\sts-4.23.1.RELEASE\plugins\org.eclipse.m2e.maven.runtime_3.9.700.20240602-2313\jars\maven-compat-3.9.7.jar
2024-07-13 22:22:07,388 [Worker-12: Launching Executing clean in C__Users_msfar_Downloads_EleveBillet_Billet] INFO  o.eclipse.m2e.core.internal.Bundles - 	Entry: C:\Users\msfar\Downloads\sts-4.23.1.RELEASE\plugins\org.eclipse.m2e.maven.runtime_3.9.700.20240602-2313\jars\maven-core-3.9.7.jar
2024-07-13 22:22:07,388 [Worker-12: Launching Executing clean in C__Users_msfar_Downloads_EleveBillet_Billet] INFO  o.eclipse.m2e.core.internal.Bundles - 	Entry: C:\Users\msfar\Downloads\sts-4.23.1.RELEASE\plugins\org.eclipse.m2e.maven.runtime_3.9.700.20240602-2313\jars\maven-embedder-3.9.7.jar
2024-07-13 22:22:07,389 [Worker-12: Launching Executing clean in C__Users_msfar_Downloads_EleveBillet_Billet] INFO  o.eclipse.m2e.core.internal.Bundles - 	Entry: C:\Users\msfar\Downloads\sts-4.23.1.RELEASE\plugins\org.eclipse.m2e.maven.runtime_3.9.700.20240602-2313\jars\maven-model-3.9.7.jar
2024-07-13 22:22:07,389 [Worker-12: Launching Executing clean in C__Users_msfar_Downloads_EleveBillet_Billet] INFO  o.eclipse.m2e.core.internal.Bundles - 	Entry: C:\Users\msfar\Downloads\sts-4.23.1.RELEASE\plugins\org.eclipse.m2e.maven.runtime_3.9.700.20240602-2313\jars\maven-model-builder-3.9.7.jar
2024-07-13 22:22:07,390 [Worker-12: Launching Executing clean in C__Users_msfar_Downloads_EleveBillet_Billet] INFO  o.eclipse.m2e.core.internal.Bundles - 	Entry: C:\Users\msfar\Downloads\sts-4.23.1.RELEASE\plugins\org.eclipse.m2e.maven.runtime_3.9.700.20240602-2313\jars\maven-plugin-api-3.9.7.jar
2024-07-13 22:22:07,390 [Worker-12: Launching Executing clean in C__Users_msfar_Downloads_EleveBillet_Billet] INFO  o.eclipse.m2e.core.internal.Bundles - 	Entry: C:\Users\msfar\Downloads\sts-4.23.1.RELEASE\plugins\org.eclipse.m2e.maven.runtime_3.9.700.20240602-2313\jars\maven-repository-metadata-3.9.7.jar
2024-07-13 22:22:07,390 [Worker-12: Launching Executing clean in C__Users_msfar_Downloads_EleveBillet_Billet] INFO  o.eclipse.m2e.core.internal.Bundles - 	Entry: C:\Users\msfar\Downloads\sts-4.23.1.RELEASE\plugins\org.eclipse.m2e.maven.runtime_3.9.700.20240602-2313\jars\maven-resolver-api-1.9.20.jar
2024-07-13 22:22:07,391 [Worker-12: Launching Executing clean in C__Users_msfar_Downloads_EleveBillet_Billet] INFO  o.eclipse.m2e.core.internal.Bundles - 	Entry: C:\Users\msfar\Downloads\sts-4.23.1.RELEASE\plugins\org.eclipse.m2e.maven.runtime_3.9.700.20240602-2313\jars\maven-resolver-connector-basic-1.9.20.jar
2024-07-13 22:22:07,391 [Worker-12: Launching Executing clean in C__Users_msfar_Downloads_EleveBillet_Billet] INFO  o.eclipse.m2e.core.internal.Bundles - 	Entry: C:\Users\msfar\Downloads\sts-4.23.1.RELEASE\plugins\org.eclipse.m2e.maven.runtime_3.9.700.20240602-2313\jars\maven-resolver-impl-1.9.20.jar
2024-07-13 22:22:07,392 [Worker-12: Launching Executing clean in C__Users_msfar_Downloads_EleveBillet_Billet] INFO  o.eclipse.m2e.core.internal.Bundles - 	Entry: C:\Users\msfar\Downloads\sts-4.23.1.RELEASE\plugins\org.eclipse.m2e.maven.runtime_3.9.700.20240602-2313\jars\maven-resolver-named-locks-1.9.20.jar
2024-07-13 22:22:07,392 [Worker-12: Launching Executing clean in C__Users_msfar_Downloads_EleveBillet_Billet] INFO  o.eclipse.m2e.core.internal.Bundles - 	Entry: C:\Users\msfar\Downloads\sts-4.23.1.RELEASE\plugins\org.eclipse.m2e.maven.runtime_3.9.700.20240602-2313\jars\maven-resolver-provider-3.9.7.jar
2024-07-13 22:22:07,392 [Worker-12: Launching Executing clean in C__Users_msfar_Downloads_EleveBillet_Billet] INFO  o.eclipse.m2e.core.internal.Bundles - 	Entry: C:\Users\msfar\Downloads\sts-4.23.1.RELEASE\plugins\org.eclipse.m2e.maven.runtime_3.9.700.20240602-2313\jars\maven-resolver-spi-1.9.20.jar
2024-07-13 22:22:07,393 [Worker-12: Launching Executing clean in C__Users_msfar_Downloads_EleveBillet_Billet] INFO  o.eclipse.m2e.core.internal.Bundles - 	Entry: C:\Users\msfar\Downloads\sts-4.23.1.RELEASE\plugins\org.eclipse.m2e.maven.runtime_3.9.700.20240602-2313\jars\maven-resolver-transport-file-1.9.20.jar
2024-07-13 22:22:07,393 [Worker-12: Launching Executing clean in C__Users_msfar_Downloads_EleveBillet_Billet] INFO  o.eclipse.m2e.core.internal.Bundles - 	Entry: C:\Users\msfar\Downloads\sts-4.23.1.RELEASE\plugins\org.eclipse.m2e.maven.runtime_3.9.700.20240602-2313\jars\maven-resolver-transport-http-1.9.20.jar
2024-07-13 22:22:07,393 [Worker-12: Launching Executing clean in C__Users_msfar_Downloads_EleveBillet_Billet] INFO  o.eclipse.m2e.core.internal.Bundles - 	Entry: C:\Users\msfar\Downloads\sts-4.23.1.RELEASE\plugins\org.eclipse.m2e.maven.runtime_3.9.700.20240602-2313\jars\maven-resolver-transport-wagon-1.9.20.jar
2024-07-13 22:22:07,394 [Worker-12: Launching Executing clean in C__Users_msfar_Downloads_EleveBillet_Billet] INFO  o.eclipse.m2e.core.internal.Bundles - 	Entry: C:\Users\msfar\Downloads\sts-4.23.1.RELEASE\plugins\org.eclipse.m2e.maven.runtime_3.9.700.20240602-2313\jars\maven-resolver-util-1.9.20.jar
2024-07-13 22:22:07,394 [Worker-12: Launching Executing clean in C__Users_msfar_Downloads_EleveBillet_Billet] INFO  o.eclipse.m2e.core.internal.Bundles - 	Entry: C:\Users\msfar\Downloads\sts-4.23.1.RELEASE\plugins\org.eclipse.m2e.maven.runtime_3.9.700.20240602-2313\jars\maven-settings-3.9.7.jar
2024-07-13 22:22:07,394 [Worker-12: Launching Executing clean in C__Users_msfar_Downloads_EleveBillet_Billet] INFO  o.eclipse.m2e.core.internal.Bundles - 	Entry: C:\Users\msfar\Downloads\sts-4.23.1.RELEASE\plugins\org.eclipse.m2e.maven.runtime_3.9.700.20240602-2313\jars\maven-settings-builder-3.9.7.jar
2024-07-13 22:22:07,395 [Worker-12: Launching Executing clean in C__Users_msfar_Downloads_EleveBillet_Billet] INFO  o.eclipse.m2e.core.internal.Bundles - 	Entry: C:\Users\msfar\Downloads\sts-4.23.1.RELEASE\plugins\org.eclipse.m2e.maven.runtime_3.9.700.20240602-2313\jars\maven-shared-utils-3.4.2.jar
2024-07-13 22:22:07,395 [Worker-12: Launching Executing clean in C__Users_msfar_Downloads_EleveBillet_Billet] INFO  o.eclipse.m2e.core.internal.Bundles - 	Entry: C:\Users\msfar\Downloads\sts-4.23.1.RELEASE\plugins\org.eclipse.m2e.maven.runtime_3.9.700.20240602-2313\jars\org.eclipse.sisu.inject-0.9.0.M2.jar
2024-07-13 22:22:07,395 [Worker-12: Launching Executing clean in C__Users_msfar_Downloads_EleveBillet_Billet] INFO  o.eclipse.m2e.core.internal.Bundles - 	Entry: C:\Users\msfar\Downloads\sts-4.23.1.RELEASE\plugins\org.eclipse.m2e.maven.runtime_3.9.700.20240602-2313\jars\org.eclipse.sisu.plexus-0.9.0.M2.jar
2024-07-13 22:22:07,396 [Worker-12: Launching Executing clean in C__Users_msfar_Downloads_EleveBillet_Billet] INFO  o.eclipse.m2e.core.internal.Bundles - 	Entry: C:\Users\msfar\Downloads\sts-4.23.1.RELEASE\plugins\org.eclipse.m2e.maven.runtime_3.9.700.20240602-2313\jars\plexus-build-api-0.0.7.jar
2024-07-13 22:22:07,396 [Worker-12: Launching Executing clean in C__Users_msfar_Downloads_EleveBillet_Billet] INFO  o.eclipse.m2e.core.internal.Bundles - 	Entry: C:\Users\msfar\Downloads\sts-4.23.1.RELEASE\plugins\org.eclipse.m2e.maven.runtime_3.9.700.20240602-2313\jars\plexus-build-api-1.2.0.jar
2024-07-13 22:22:07,397 [Worker-12: Launching Executing clean in C__Users_msfar_Downloads_EleveBillet_Billet] INFO  o.eclipse.m2e.core.internal.Bundles - 	Entry: C:\Users\msfar\Downloads\sts-4.23.1.RELEASE\plugins\org.eclipse.m2e.maven.runtime_3.9.700.20240602-2313\jars\plexus-cipher-2.0.jar
2024-07-13 22:22:07,397 [Worker-12: Launching Executing clean in C__Users_msfar_Downloads_EleveBillet_Billet] INFO  o.eclipse.m2e.core.internal.Bundles - 	Entry: C:\Users\msfar\Downloads\sts-4.23.1.RELEASE\plugins\org.eclipse.m2e.maven.runtime_3.9.700.20240602-2313\jars\plexus-classworlds-2.8.0.jar
2024-07-13 22:22:07,397 [Worker-12: Launching Executing clean in C__Users_msfar_Downloads_EleveBillet_Billet] INFO  o.eclipse.m2e.core.internal.Bundles - 	Entry: C:\Users\msfar\Downloads\sts-4.23.1.RELEASE\plugins\org.eclipse.m2e.maven.runtime_3.9.700.20240602-2313\jars\plexus-component-annotations-2.1.0.jar
2024-07-13 22:22:07,398 [Worker-12: Launching Executing clean in C__Users_msfar_Downloads_EleveBillet_Billet] INFO  o.eclipse.m2e.core.internal.Bundles - 	Entry: C:\Users\msfar\Downloads\sts-4.23.1.RELEASE\plugins\org.eclipse.m2e.maven.runtime_3.9.700.20240602-2313\jars\plexus-interpolation-1.27.jar
2024-07-13 22:22:07,398 [Worker-12: Launching Executing clean in C__Users_msfar_Downloads_EleveBillet_Billet] INFO  o.eclipse.m2e.core.internal.Bundles - 	Entry: C:\Users\msfar\Downloads\sts-4.23.1.RELEASE\plugins\org.eclipse.m2e.maven.runtime_3.9.700.20240602-2313\jars\plexus-sec-dispatcher-2.0.jar
2024-07-13 22:22:07,399 [Worker-12: Launching Executing clean in C__Users_msfar_Downloads_EleveBillet_Billet] INFO  o.eclipse.m2e.core.internal.Bundles - 	Entry: C:\Users\msfar\Downloads\sts-4.23.1.RELEASE\plugins\org.eclipse.m2e.maven.runtime_3.9.700.20240602-2313\jars\plexus-utils-3.5.1.jar
2024-07-13 22:22:07,399 [Worker-12: Launching Executing clean in C__Users_msfar_Downloads_EleveBillet_Billet] INFO  o.eclipse.m2e.core.internal.Bundles - 	Entry: C:\Users\msfar\Downloads\sts-4.23.1.RELEASE\plugins\org.eclipse.m2e.maven.runtime_3.9.700.20240602-2313\jars\wagon-file-3.5.3.jar
2024-07-13 22:22:07,400 [Worker-12: Launching Executing clean in C__Users_msfar_Downloads_EleveBillet_Billet] INFO  o.eclipse.m2e.core.internal.Bundles - 	Entry: C:\Users\msfar\Downloads\sts-4.23.1.RELEASE\plugins\org.eclipse.m2e.maven.runtime_3.9.700.20240602-2313\jars\wagon-http-3.5.3.jar
2024-07-13 22:22:07,400 [Worker-12: Launching Executing clean in C__Users_msfar_Downloads_EleveBillet_Billet] INFO  o.eclipse.m2e.core.internal.Bundles - 	Entry: C:\Users\msfar\Downloads\sts-4.23.1.RELEASE\plugins\org.eclipse.m2e.maven.runtime_3.9.700.20240602-2313\jars\wagon-http-shared-3.5.3.jar
2024-07-13 22:22:07,400 [Worker-12: Launching Executing clean in C__Users_msfar_Downloads_EleveBillet_Billet] INFO  o.eclipse.m2e.core.internal.Bundles - 	Entry: C:\Users\msfar\Downloads\sts-4.23.1.RELEASE\plugins\org.eclipse.m2e.maven.runtime_3.9.700.20240602-2313\jars\wagon-provider-api-3.5.3.jar
2024-07-13 22:22:07,401 [Worker-12: Launching Executing clean in C__Users_msfar_Downloads_EleveBillet_Billet] INFO  o.eclipse.m2e.core.internal.Bundles - getClasspathEntries(Bundle=com.google.guava_33.2.0.jre [29])
2024-07-13 22:22:07,402 [Worker-12: Launching Executing clean in C__Users_msfar_Downloads_EleveBillet_Billet] INFO  o.eclipse.m2e.core.internal.Bundles - 	Entry: C:\Users\msfar\Downloads\sts-4.23.1.RELEASE\plugins\com.google.guava_33.2.0.jre.jar
2024-07-13 22:22:07,402 [Worker-12: Launching Executing clean in C__Users_msfar_Downloads_EleveBillet_Billet] INFO  o.eclipse.m2e.core.internal.Bundles - getClasspathEntries(Bundle=slf4j.api_2.0.13 [592])
2024-07-13 22:22:07,403 [Worker-12: Launching Executing clean in C__Users_msfar_Downloads_EleveBillet_Billet] INFO  o.eclipse.m2e.core.internal.Bundles - 	Entry: C:\Users\msfar\Downloads\sts-4.23.1.RELEASE\plugins\slf4j.api_2.0.13.jar
2024-07-13 22:22:07,403 [Worker-12: Launching Executing clean in C__Users_msfar_Downloads_EleveBillet_Billet] INFO  o.eclipse.m2e.core.internal.Bundles - getClasspathEntries(Bundle=jakarta.inject.jakarta.inject-api_1.0.5 [44])
2024-07-13 22:22:07,404 [Worker-12: Launching Executing clean in C__Users_msfar_Downloads_EleveBillet_Billet] INFO  o.eclipse.m2e.core.internal.Bundles - 	Entry: C:\Users\msfar\Downloads\sts-4.23.1.RELEASE\plugins\jakarta.inject.jakarta.inject-api_1.0.5.jar
2024-07-13 22:22:07,404 [Worker-12: Launching Executing clean in C__Users_msfar_Downloads_EleveBillet_Billet] INFO  o.eclipse.m2e.core.internal.Bundles - getClasspathEntries(Bundle=javax.annotation_1.3.5.v20200909-1856 [53])
2024-07-13 22:22:07,405 [Worker-12: Launching Executing clean in C__Users_msfar_Downloads_EleveBillet_Billet] INFO  o.eclipse.m2e.core.internal.Bundles - 	Entry: C:\Users\msfar\Downloads\sts-4.23.1.RELEASE\plugins\javax.annotation_1.3.5.v20200909-1856.jar
2024-07-13 22:22:07,405 [Worker-12: Launching Executing clean in C__Users_msfar_Downloads_EleveBillet_Billet] INFO  o.eclipse.m2e.core.internal.Bundles - getClasspathEntries(Bundle=org.apache.commons.cli_1.8.0 [76])
2024-07-13 22:22:07,406 [Worker-12: Launching Executing clean in C__Users_msfar_Downloads_EleveBillet_Billet] INFO  o.eclipse.m2e.core.internal.Bundles - 	Entry: C:\Users\msfar\Downloads\sts-4.23.1.RELEASE\plugins\org.apache.commons.cli_1.8.0.jar
2024-07-13 22:22:07,406 [Worker-12: Launching Executing clean in C__Users_msfar_Downloads_EleveBillet_Billet] INFO  o.eclipse.m2e.core.internal.Bundles - getClasspathEntries(Bundle=org.apache.commons.commons-codec_1.16.0 [78])
2024-07-13 22:22:07,407 [Worker-12: Launching Executing clean in C__Users_msfar_Downloads_EleveBillet_Billet] INFO  o.eclipse.m2e.core.internal.Bundles - 	Entry: C:\Users\msfar\Downloads\sts-4.23.1.RELEASE\plugins\org.apache.commons.commons-codec_1.16.0.jar
2024-07-13 22:22:07,407 [Worker-12: Launching Executing clean in C__Users_msfar_Downloads_EleveBillet_Billet] INFO  o.eclipse.m2e.core.internal.Bundles - getClasspathEntries(Bundle=org.apache.commons.lang3_3.14.0 [82])
2024-07-13 22:22:07,408 [Worker-12: Launching Executing clean in C__Users_msfar_Downloads_EleveBillet_Billet] INFO  o.eclipse.m2e.core.internal.Bundles - 	Entry: C:\Users\msfar\Downloads\sts-4.23.1.RELEASE\plugins\org.apache.commons.lang3_3.14.0.jar
2024-07-13 22:22:07,408 [Worker-12: Launching Executing clean in C__Users_msfar_Downloads_EleveBillet_Billet] INFO  o.eclipse.m2e.core.internal.Bundles - getClasspathEntries(Bundle=com.google.guava.failureaccess_1.0.2 [30])
2024-07-13 22:22:07,408 [Worker-12: Launching Executing clean in C__Users_msfar_Downloads_EleveBillet_Billet] INFO  o.eclipse.m2e.core.internal.Bundles - 	Entry: C:\Users\msfar\Downloads\sts-4.23.1.RELEASE\plugins\com.google.guava.failureaccess_1.0.2.jar
2024-07-13 22:22:07,411 [Worker-12: Launching Executing clean in C__Users_msfar_Downloads_EleveBillet_Billet] INFO  o.e.m.i.launch.MavenLaunchDelegate - Run build in "C:\Users\msfar\Downloads\EleveBillet\Billet":
2024-07-13 22:22:07,412 [Worker-12: Launching Executing clean in C__Users_msfar_Downloads_EleveBillet_Billet] INFO  o.e.m.i.launch.MavenLaunchDelegate -  mvn  -Ppom.xml -B -Dstyle.color=always clean
2024-07-18 08:24:46,147 [Worker-5: Loading available Gradle versions] INFO  o.e.b.c.i.u.g.PublishedGradleVersions - Gradle version information cache is out-of-date. Trying to update.
2024-07-18 08:28:09,594 [Worker-11: Launching ConfigServer - ConfigServerApplication] INFO  o.a.m.s.f.DefaultMavenResourcesFiltering - Copying 1 resource from src\main\resources to target\classes
2024-07-18 08:28:09,614 [Worker-11: Launching ConfigServer - ConfigServerApplication] INFO  o.a.m.s.f.DefaultMavenResourcesFiltering - Copying 0 resource from src\main\resources to target\classes
2024-07-18 08:28:09,618 [Worker-11: Launching ConfigServer - ConfigServerApplication] INFO  o.a.m.s.f.DefaultMavenResourcesFiltering - skip non existing resourceDirectory C:\Users\msfar\Downloads\EleveBillet\ConfigServer\src\test\resources
